<?xml version="1.0" encoding="UTF-8"?>
<!-- Generated by org.testng.reporters.JUnitReportReporter -->
<testsuite hostname="DESKTOP-VPGNVVF" name="ApiDemo.ApiDemoTest" tests="1" failures="0" timestamp="18 May 2018 17:38:15 GMT" time="1.225" errors="0">
  <testcase name="Click" time="1.225" classname="ApiDemo.ApiDemoTest"/>
</testsuite> <!-- ApiDemo.ApiDemoTest -->
