<?xml version="1.0" encoding="UTF-8"?>
<!-- Generated by org.testng.reporters.JUnitReportReporter -->
<testsuite hostname="DESKTOP-VPGNVVF" name="ApiDemo.ApiDemoTest" tests="5" failures="0" timestamp="20 May 2018 20:52:36 GMT" time="42.720" errors="0">
  <testcase name="seekBarMove" time="5.272" classname="ApiDemo.ApiDemoTest"/>
  <testcase name="scrollToElement" time="8.121" classname="ApiDemo.ApiDemoTest"/>
  <testcase name="multiTouch" time="6.228" classname="ApiDemo.ApiDemoTest"/>
  <testcase name="tapOnMethod" time="1.742" classname="ApiDemo.ApiDemoTest"/>
  <testcase name="hortizonalSwipe" time="21.357" classname="ApiDemo.ApiDemoTest"/>
</testsuite> <!-- ApiDemo.ApiDemoTest -->
