<?xml version="1.0" encoding="UTF-8"?>
<!-- Generated by org.testng.reporters.JUnitReportReporter -->
<testsuite hostname="DESKTOP-VPGNVVF" name="ApiDemo.ApiDemoTest" tests="2" failures="0" timestamp="20 May 2018 16:29:35 GMT" time="9.975" errors="0">
  <testcase name="tapOnMethod" time="1.719" classname="ApiDemo.ApiDemoTest"/>
  <testcase name="scrollToElement" time="8.256" classname="ApiDemo.ApiDemoTest"/>
</testsuite> <!-- ApiDemo.ApiDemoTest -->
